<?xml version="1.0" encoding="UTF-8"?>
<!-- Generated by org.testng.reporters.JUnitXMLReporter -->
<testsuite hostname="LAPTOP-V6HT4II3" failures="0" tests="3" name="Default test" time="103.397" errors="0" timestamp="29 Jan 2024 10:30:37 GMT">
  <testcase classname="first.class6extent" name="addtocartproduct" time="29.931"/>
  <testcase classname="first.class6extent" name="wishlist" time="23.57"/>
  <testcase classname="first.class6extent" name="Emailtofriend" time="31.152"/>
</testsuite> <!-- Default test -->
