<?xml version="1.0" encoding="UTF-8"?>
<testng-results total="3" passed="3" failed="0" skipped="0">
  <reporter-output>
  </reporter-output>
  <suite started-at="2024-01-29T10:28:54Z" name="Default suite" finished-at="2024-01-29T10:30:37Z" duration-ms="103397">
    <groups>
      <group name="Regression">
        <method signature="class6extent.wishlist()[pri:2, instance:first.class6extent@17d88132]" name="wishlist" class="first.class6extent"/>
      </group> <!-- Regression -->
      <group name="sanity">
        <method signature="class6extent.Emailtofriend()[pri:3, instance:first.class6extent@17d88132]" name="Emailtofriend" class="first.class6extent"/>
      </group> <!-- sanity -->
      <group name="Smoke">
        <method signature="class6extent.addtocartproduct()[pri:1, instance:first.class6extent@17d88132]" name="addtocartproduct" class="first.class6extent"/>
      </group> <!-- Smoke -->
    </groups>
    <test started-at="2024-01-29T10:28:54Z" name="Default test" finished-at="2024-01-29T10:30:37Z" duration-ms="103397">
      <class name="first.class6extent">
        <test-method is-config="true" signature="configReport()[pri:0, instance:first.class6extent@17d88132]" started-at="2024-01-29T15:58:54Z" name="configReport" finished-at="2024-01-29T15:58:54Z" duration-ms="432" status="PASS">
          <reporter-output>
          </reporter-output>
        </test-method> <!-- configReport -->
        <test-method is-config="true" signature="setup()[pri:0, instance:first.class6extent@17d88132]" started-at="2024-01-29T15:58:54Z" name="setup" finished-at="2024-01-29T15:59:00Z" duration-ms="5298" status="PASS">
          <reporter-output>
          </reporter-output>
        </test-method> <!-- setup -->
        <test-method signature="addtocartproduct()[pri:1, instance:first.class6extent@17d88132]" started-at="2024-01-29T15:59:00Z" name="addtocartproduct" finished-at="2024-01-29T15:59:30Z" duration-ms="29931" status="PASS">
          <reporter-output>
          </reporter-output>
        </test-method> <!-- addtocartproduct -->
        <test-method is-config="true" signature="teardown()[pri:0, instance:first.class6extent@17d88132]" started-at="2024-01-29T15:59:30Z" name="teardown" finished-at="2024-01-29T15:59:31Z" duration-ms="1452" status="PASS">
          <reporter-output>
          </reporter-output>
        </test-method> <!-- teardown -->
        <test-method is-config="true" signature="setup()[pri:0, instance:first.class6extent@17d88132]" started-at="2024-01-29T15:59:31Z" name="setup" finished-at="2024-01-29T15:59:35Z" duration-ms="3780" status="PASS">
          <reporter-output>
          </reporter-output>
        </test-method> <!-- setup -->
        <test-method signature="wishlist()[pri:2, instance:first.class6extent@17d88132]" started-at="2024-01-29T15:59:35Z" name="wishlist" finished-at="2024-01-29T15:59:58Z" duration-ms="23570" status="PASS">
          <reporter-output>
          </reporter-output>
        </test-method> <!-- wishlist -->
        <test-method is-config="true" signature="teardown()[pri:0, instance:first.class6extent@17d88132]" started-at="2024-01-29T15:59:58Z" name="teardown" finished-at="2024-01-29T16:00:00Z" duration-ms="1775" status="PASS">
          <reporter-output>
          </reporter-output>
        </test-method> <!-- teardown -->
        <test-method is-config="true" signature="setup()[pri:0, instance:first.class6extent@17d88132]" started-at="2024-01-29T16:00:00Z" name="setup" finished-at="2024-01-29T16:00:04Z" duration-ms="4179" status="PASS">
          <reporter-output>
          </reporter-output>
        </test-method> <!-- setup -->
        <test-method signature="Emailtofriend()[pri:3, instance:first.class6extent@17d88132]" started-at="2024-01-29T16:00:04Z" name="Emailtofriend" finished-at="2024-01-29T16:00:35Z" duration-ms="31152" status="PASS">
          <reporter-output>
          </reporter-output>
        </test-method> <!-- Emailtofriend -->
        <test-method is-config="true" signature="teardown()[pri:0, instance:first.class6extent@17d88132]" started-at="2024-01-29T16:00:35Z" name="teardown" finished-at="2024-01-29T16:00:37Z" duration-ms="1296" status="PASS">
          <reporter-output>
          </reporter-output>
        </test-method> <!-- teardown -->
        <test-method is-config="true" signature="last()[pri:0, instance:first.class6extent@17d88132]" started-at="2024-01-29T16:00:37Z" name="last" finished-at="2024-01-29T16:00:37Z" duration-ms="453" status="PASS">
          <reporter-output>
          </reporter-output>
        </test-method> <!-- last -->
      </class> <!-- first.class6extent -->
    </test> <!-- Default test -->
  </suite> <!-- Default suite -->
</testng-results>
